<?xml version="1.0" encoding="UTF-8"?>
<!-- Generated by org.testng.reporters.JUnitReportReporter -->
<testsuite hostname="MPL-BRF5CS3" name="com.india.apitest.businessLogics.BusinessTest" tests="2" failures="0" timestamp="17 Apr 2023 09:56:25 GMT" time="8.855" errors="0">
  <testcase name="validAPITest" time="1.050" classname="com.india.apitest.businessLogics.BusinessTest"/>
  <testcase name="validAPITest" time="7.805" classname="com.india.apitest.businessLogics.BusinessTest"/>
</testsuite> <!-- com.india.apitest.businessLogics.BusinessTest -->
